<?xml version="1.0" encoding="UTF-8"?>
<!-- Generated by org.testng.reporters.JUnitReportReporter -->
<testsuite hostname="LAPTOP-LTVBVJ55" failures="0" tests="4" name="test.LoginTest" time="2.844" errors="0" timestamp="2023-02-08T13:58:58 IST" skipped="0">
  <testcase classname="test.LoginTest" name="verifyBuildTitleName" time="0.031"/>
  <system-out/>
  <testcase classname="test.LoginTest" name="verifyTitleOfLoginPage" time="0.362"/>
  <system-out/>
  <testcase classname="test.LoginTest" name="verifyCurrentUrlOfPage" time="0.014"/>
  <system-out/>
  <testcase classname="test.LoginTest" name="verifyLoginWithCorrectCredentials" time="2.437"/>
  <system-out/>
</testsuite> <!-- test.LoginTest -->
