<?xml version="1.0" encoding="UTF-8"?>
<!-- Generated by org.testng.reporters.JUnitReportReporter -->
<testsuite hostname="LAPTOP-LTVBVJ55" failures="0" tests="4" name="test.LoginTest" time="5.114" errors="0" timestamp="2023-02-10T18:13:49 IST" skipped="0">
  <testcase classname="test.LoginTest" name="verifyBuildTitleName" time="0.039"/>
  <system-out/>
  <testcase classname="test.LoginTest" name="verifyTitleOfLoginPage" time="1.474"/>
  <system-out/>
  <testcase classname="test.LoginTest" name="verifyCurrentUrlOfPage" time="0.010"/>
  <system-out/>
  <testcase classname="test.LoginTest" name="verifyLoginWithCorrectCredentials" time="3.591"/>
  <system-out/>
</testsuite> <!-- test.LoginTest -->
