<?xml version="1.0" encoding="UTF-8"?>
<!-- Generated by org.testng.reporters.JUnitReportReporter -->
<testsuite hostname="LAPTOP-LTVBVJ55" failures="0" tests="4" name="test.LoginTest" time="2.887" errors="0" timestamp="2023-02-09T19:39:36 IST" skipped="0">
  <testcase classname="test.LoginTest" name="verifyBuildTitleName" time="0.021"/>
  <system-out/>
  <testcase classname="test.LoginTest" name="verifyTitleOfLoginPage" time="0.402"/>
  <system-out/>
  <testcase classname="test.LoginTest" name="verifyCurrentUrlOfPage" time="0.012"/>
  <system-out/>
  <testcase classname="test.LoginTest" name="verifyLoginWithCorrectCredentials" time="2.452"/>
  <system-out/>
</testsuite> <!-- test.LoginTest -->
